<?xml version="1.0" encoding="UTF-8"?>
<!-- Generated by org.testng.reporters.JUnitXMLReporter -->
<testsuite hostname="ubuntu" name="Default test" tests="7" failures="0" timestamp="29 Nov 2016 16:51:45 GMT" time="5.649" errors="0">
  <testcase name="createIndex" time="2.723" classname="test.ElasticSearchCRUDTest"/>
  <testcase name="findDocumentByIndex" time="0.082" classname="test.ElasticSearchCRUDTest"/>
  <testcase name="findDocument" time="0.075" classname="test.ElasticSearchCRUDTest"/>
  <testcase name="updateDocument" time="2.213" classname="test.ElasticSearchCRUDTest"/>
  <testcase name="removeDocument" time="0.07" classname="test.ElasticSearchCRUDTest"/>
  <testcase name="bulkInsert" time="0.363" classname="test.ElasticSearchCRUDTest"/>
  <testcase name="removeTweetedDocument" time="0.059" classname="test.ElasticSearchCRUDTest"/>
</testsuite> <!-- Default test -->
