<?xml version="1.0" encoding="UTF-8"?>
<!-- Generated by org.testng.reporters.JUnitXMLReporter -->
<testsuite hostname="ubuntu" name="Default test" tests="7" failures="0" timestamp="30 Nov 2016 09:53:21 GMT" time="6.597" errors="0">
  <testcase name="createIndex" time="3.119" classname="test.ElasticSearchCRUDTest"/>
  <testcase name="findDocumentByIndex" time="0.109" classname="test.ElasticSearchCRUDTest"/>
  <testcase name="findDocument" time="0.084" classname="test.ElasticSearchCRUDTest"/>
  <testcase name="updateDocument" time="2.393" classname="test.ElasticSearchCRUDTest"/>
  <testcase name="removeDocument" time="0.104" classname="test.ElasticSearchCRUDTest"/>
  <testcase name="bulkInsert" time="0.679" classname="test.ElasticSearchCRUDTest"/>
  <testcase name="removeTweetedDocument" time="0.042" classname="test.ElasticSearchCRUDTest"/>
</testsuite> <!-- Default test -->
